<?xml version="1.0" encoding="UTF-8"?>
<!-- Generated by org.testng.reporters.JUnitReportReporter -->
<testsuite hostname="Manul-W" failures="0" tests="1" name="mavenTest.seleniumTest" time="18.945" errors="0" timestamp="2021-05-16T19:49:28 IST" skipped="0">
  <testcase classname="mavenTest.seleniumTest" name="test" time="18.945"/>
  <system-out/>
</testsuite> <!-- mavenTest.seleniumTest -->
